<?xml version="1.0" encoding="UTF-8"?>
<!-- Generated by org.testng.reporters.JUnitReportReporter -->
<testsuite hostname="DESKTOP-E1E03HA" failures="0" tests="2" name="tests.TestsExamples" time="2.143" errors="0" timestamp="2022-11-11T19:36:15 IST" skipped="0">
  <testcase classname="tests.TestsExamples" name="test_2" time="0.534"/>
  <system-out/>
  <testcase classname="tests.TestsExamples" name="test_1" time="1.609"/>
  <system-out/>
</testsuite> <!-- tests.TestsExamples -->
