<?xml version="1.0" encoding="UTF-8"?>
<!-- Generated by org.testng.reporters.JUnitReportReporter -->
<testsuite hostname="DESKTOP-E1E03HA" failures="0" tests="1" name="tests.GetAndPostExamples" time="2.653" errors="0" timestamp="2022-11-11T23:24:41 IST" skipped="0">
  <testcase classname="tests.GetAndPostExamples" name="testPost" time="2.653"/>
  <system-out/>
</testsuite> <!-- tests.GetAndPostExamples -->
