<?xml version="1.0" encoding="UTF-8"?>
<!-- Generated by org.testng.reporters.JUnitReportReporter -->
<testsuite hostname="DESKTOP-E1E03HA" failures="0" tests="3" name="tests.PutPatchDeleteExamples" time="3.180" errors="0" timestamp="2022-11-12T18:28:04 IST" skipped="0">
  <testcase classname="tests.PutPatchDeleteExamples" name="testDelete" time="2.117"/>
  <system-out/>
  <testcase classname="tests.PutPatchDeleteExamples" name="testPatch" time="0.604"/>
  <system-out/>
  <testcase classname="tests.PutPatchDeleteExamples" name="testPut" time="0.459"/>
  <system-out/>
</testsuite> <!-- tests.PutPatchDeleteExamples -->
