<?xml version="1.0" encoding="UTF-8"?>
<!-- Generated by org.testng.reporters.JUnitReportReporter -->
<testsuite hostname="DESKTOP-E1E03HA" failures="0" tests="1" name="tests.SoapXMLRequest" time="3.238" errors="0" timestamp="2022-11-13T18:02:09 IST" skipped="0">
  <testcase classname="tests.SoapXMLRequest" name="validateSoapXML" time="3.238"/>
  <system-out/>
</testsuite> <!-- tests.SoapXMLRequest -->
