<?xml version="1.0" encoding="UTF-8"?>
<!-- Generated by org.testng.reporters.JUnitReportReporter -->
<testsuite hostname="DESKTOP-E1E03HA" failures="0" tests="1" name="tests.JSONSchemaValidator" time="1.904" errors="0" timestamp="2022-11-12T19:43:22 IST" skipped="0">
  <testcase classname="tests.JSONSchemaValidator" name="testGet" time="1.904"/>
  <system-out/>
</testsuite> <!-- tests.JSONSchemaValidator -->
